build/app/intermediates/manifest_merge_blame_file/debug/manifest-merger-blame-debug-report.txt
1<?xml version="1.0" encoding="utf-8"?>
2<manifest xmlns:android="http://schemas.android.com/apk/res/android"
3    package="com.skc.vehicle_management"
4    android:versionCode="1"
5    android:versionName="1.0.0" >
6
7    <uses-sdk
8        android:minSdkVersion="21"
9        android:targetSdkVersion="28" />
10    <!--
11         Flutter needs it to communicate with the running application
12         to allow setting breakpoints, to provide hot reload, etc.
13    -->
14    <uses-permission android:name="android.permission.INTERNET" />
14-->src\main\AndroidManifest.xml:4:5-67
14-->src\main\AndroidManifest.xml:4:22-64
15    <uses-permission android:name="android.permission.ACCESS_NETWORK_STATE" />
15-->src\main\AndroidManifest.xml:3:5-79
15-->src\main\AndroidManifest.xml:3:22-76
16    <uses-permission android:name="com.google.android.providers.gsf.permission.    READ_GSERVICES" />
16-->src\main\AndroidManifest.xml:5:5-6:23
16-->src\main\AndroidManifest.xml:5:5-6:23
17    <uses-permission android:name="android.permission.WRITE_EXTERNAL_STORAGE" />
17-->src\main\AndroidManifest.xml:7:5-81
17-->src\main\AndroidManifest.xml:7:22-78
18
19    <uses-feature
19-->[com.google.android.gms:play-services-maps:17.0.0] AndroidManifest.xml:26:5-28:35
20        android:glEsVersion="0x00020000"
20-->[com.google.android.gms:play-services-maps:17.0.0] AndroidManifest.xml:27:9-41
21        android:required="true" />
21-->[com.google.android.gms:play-services-maps:17.0.0] AndroidManifest.xml:28:9-32
22    <!--
23 io.flutter.app.FlutterApplication is an android.app.Application that
24         calls FlutterMain.startInitialization(this); in its onCreate method.
25         In most cases you can leave this as-is, but you if you want to provide
26         additional functionality it is fine to subclass or reimplement
27         FlutterApplication and put your custom class here.
28    -->
29    <application
29-->src\main\AndroidManifest.xml:13:5-57:19
30        android:name="io.flutter.app.FlutterApplication"
30-->src\main\AndroidManifest.xml:14:9-57
31        android:appComponentFactory="androidx.core.app.CoreComponentFactory"
31-->[androidx.core:core:1.1.0] AndroidManifest.xml:24:18-86
32        android:debuggable="true"
33        android:icon="@mipmap/ic_launcher"
33-->src\main\AndroidManifest.xml:16:9-43
34        android:label="vehicle_management" >
34-->src\main\AndroidManifest.xml:15:9-43
35        <activity
35-->src\main\AndroidManifest.xml:17:9-45:20
36            android:name="com.skc.vehicle_management.MainActivity"
36-->src\main\AndroidManifest.xml:18:13-41
37            android:configChanges="orientation|keyboardHidden|keyboard|screenSize|smallestScreenSize|locale|layoutDirection|fontScale|screenLayout|density|uiMode"
37-->src\main\AndroidManifest.xml:21:13-163
38            android:hardwareAccelerated="true"
38-->src\main\AndroidManifest.xml:22:13-47
39            android:launchMode="singleTop"
39-->src\main\AndroidManifest.xml:19:13-43
40            android:theme="@style/LaunchTheme"
40-->src\main\AndroidManifest.xml:20:13-47
41            android:windowSoftInputMode="adjustResize" >
41-->src\main\AndroidManifest.xml:23:13-55
42
43            <!--
44                 Specifies an Android theme to apply to this Activity as soon as
45                 the Android process has started. This theme is visible to the user
46                 while the Flutter UI initializes. After that, this theme continues
47                 to determine the Window background behind the Flutter UI.
48            -->
49            <meta-data
49-->src\main\AndroidManifest.xml:28:13-31:17
50                android:name="io.flutter.embedding.android.NormalTheme"
50-->src\main\AndroidManifest.xml:29:15-70
51                android:resource="@style/NormalTheme" />
51-->src\main\AndroidManifest.xml:30:15-52
52            <!--
53                 Displays an Android View that continues showing the launch screen
54                 Drawable until Flutter paints its first frame, then this splash
55                 screen fades out. A splash screen is useful to avoid any visual
56                 gap between the end of Android's launch screen and the painting of
57                 Flutter's first frame.
58            -->
59            <meta-data
59-->src\main\AndroidManifest.xml:37:13-40:17
60                android:name="io.flutter.embedding.android.SplashScreenDrawable"
60-->src\main\AndroidManifest.xml:38:15-79
61                android:resource="@drawable/launch_background" />
61-->src\main\AndroidManifest.xml:39:15-61
62
63            <intent-filter>
63-->src\main\AndroidManifest.xml:41:13-44:29
64                <action android:name="android.intent.action.MAIN" />
64-->src\main\AndroidManifest.xml:42:17-68
64-->src\main\AndroidManifest.xml:42:25-66
65
66                <category android:name="android.intent.category.LAUNCHER" />
66-->src\main\AndroidManifest.xml:43:17-76
66-->src\main\AndroidManifest.xml:43:27-74
67            </intent-filter>
68        </activity>
69
70        <!--
71             Don't delete the meta-data below.
72             This is used by the Flutter tool to generate GeneratedPluginRegistrant.java
73        -->
74        <meta-data
74-->src\main\AndroidManifest.xml:49:9-51:33
75            android:name="flutterEmbedding"
75-->src\main\AndroidManifest.xml:50:13-44
76            android:value="2" />
76-->src\main\AndroidManifest.xml:51:13-30
77        <meta-data
77-->src\main\AndroidManifest.xml:52:9-54:69
78            android:name="com.google.android.gms.version"
78-->src\main\AndroidManifest.xml:53:13-58
79            android:value="@integer/google_play_services_version" />
79-->src\main\AndroidManifest.xml:54:13-66
80        <meta-data
80-->src\main\AndroidManifest.xml:55:9-56:71
81            android:name="com.google.android.geo.AIzaSyAHEEfSrFhEKw5NWYsktZcoIbBFVOAeGFE"
81-->src\main\AndroidManifest.xml:55:20-97
82            android:value="AIzaSyAHEEfSrFhEKw5NWYsktZcoIbBFVOAeGFE" />
82-->src\main\AndroidManifest.xml:56:13-68
83
84        <service
84-->[:firebase_auth] AndroidManifest.xml:8:9-12:19
85            android:name="com.google.firebase.components.ComponentDiscoveryService"
85-->[:firebase_auth] AndroidManifest.xml:8:18-89
86            android:directBootAware="true"
86-->[com.google.firebase:firebase-common:19.3.0] AndroidManifest.xml:34:13-43
87            android:exported="false" >
87-->[com.google.firebase:firebase-auth:17.0.0] AndroidManifest.xml:35:13-37
88            <meta-data
88-->[:firebase_auth] AndroidManifest.xml:9:13-11:85
89                android:name="com.google.firebase.components:io.flutter.plugins.firebaseauth.FlutterFirebaseAppRegistrar"
89-->[:firebase_auth] AndroidManifest.xml:10:17-122
90                android:value="com.google.firebase.components.ComponentRegistrar" />
90-->[:firebase_auth] AndroidManifest.xml:11:17-82
91            <meta-data
91-->[:cloud_firestore] AndroidManifest.xml:9:13-11:85
92                android:name="com.google.firebase.components:io.flutter.plugins.firebase.cloudfirestore.FlutterFirebaseAppRegistrar"
92-->[:cloud_firestore] AndroidManifest.xml:10:17-133
93                android:value="com.google.firebase.components.ComponentRegistrar" />
93-->[:cloud_firestore] AndroidManifest.xml:11:17-82
94            <meta-data
94-->[:firebase_core] AndroidManifest.xml:9:13-11:85
95                android:name="com.google.firebase.components:io.flutter.plugins.firebase.core.FlutterFirebaseAppRegistrar"
95-->[:firebase_core] AndroidManifest.xml:10:17-123
96                android:value="com.google.firebase.components.ComponentRegistrar" />
96-->[:firebase_core] AndroidManifest.xml:11:17-82
97            <meta-data
97-->[com.google.firebase:firebase-auth:17.0.0] AndroidManifest.xml:36:13-38:85
98                android:name="com.google.firebase.components:com.google.firebase.auth.FirebaseAuthRegistrar"
98-->[com.google.firebase:firebase-auth:17.0.0] AndroidManifest.xml:37:17-109
99                android:value="com.google.firebase.components.ComponentRegistrar" />
99-->[com.google.firebase:firebase-auth:17.0.0] AndroidManifest.xml:38:17-82
100            <meta-data
100-->[com.google.firebase:firebase-firestore:21.3.0] AndroidManifest.xml:20:13-22:85
101                android:name="com.google.firebase.components:com.google.firebase.firestore.FirestoreRegistrar"
101-->[com.google.firebase:firebase-firestore:21.3.0] AndroidManifest.xml:21:17-111
102                android:value="com.google.firebase.components.ComponentRegistrar" />
102-->[com.google.firebase:firebase-firestore:21.3.0] AndroidManifest.xml:22:17-82
103        </service> <!-- Needs to be explicitly declared on P+ -->
104        <uses-library
104-->[com.google.android.gms:play-services-maps:17.0.0] AndroidManifest.xml:33:9-35:40
105            android:name="org.apache.http.legacy"
105-->[com.google.android.gms:play-services-maps:17.0.0] AndroidManifest.xml:34:13-50
106            android:required="false" />
106-->[com.google.android.gms:play-services-maps:17.0.0] AndroidManifest.xml:35:13-37
107
108        <activity
108-->[com.google.firebase:firebase-auth:17.0.0] AndroidManifest.xml:24:9-31:50
109            android:name="com.google.firebase.auth.internal.FederatedSignInActivity"
109-->[com.google.firebase:firebase-auth:17.0.0] AndroidManifest.xml:25:13-85
110            android:excludeFromRecents="true"
110-->[com.google.firebase:firebase-auth:17.0.0] AndroidManifest.xml:26:13-46
111            android:exported="true"
111-->[com.google.firebase:firebase-auth:17.0.0] AndroidManifest.xml:27:13-36
112            android:launchMode="singleTask"
112-->[com.google.firebase:firebase-auth:17.0.0] AndroidManifest.xml:28:13-44
113            android:permission="com.google.firebase.auth.api.gms.permission.LAUNCH_FEDERATED_SIGN_IN"
113-->[com.google.firebase:firebase-auth:17.0.0] AndroidManifest.xml:29:13-102
114            android:theme="@android:style/Theme.Translucent.NoTitleBar" />
114-->[com.google.firebase:firebase-auth:17.0.0] AndroidManifest.xml:30:13-72
115        <activity
115-->[com.google.android.gms:play-services-base:17.0.0] AndroidManifest.xml:23:9-26:75
116            android:name="com.google.android.gms.common.api.GoogleApiActivity"
116-->[com.google.android.gms:play-services-base:17.0.0] AndroidManifest.xml:24:13-79
117            android:exported="false"
117-->[com.google.android.gms:play-services-base:17.0.0] AndroidManifest.xml:25:13-37
118            android:theme="@android:style/Theme.Translucent.NoTitleBar" />
118-->[com.google.android.gms:play-services-base:17.0.0] AndroidManifest.xml:26:13-72
119
120        <provider
120-->[com.google.firebase:firebase-common:19.3.0] AndroidManifest.xml:26:9-30:39
121            android:name="com.google.firebase.provider.FirebaseInitProvider"
121-->[com.google.firebase:firebase-common:19.3.0] AndroidManifest.xml:27:13-77
122            android:authorities="com.skc.vehicle_management.firebaseinitprovider"
122-->[com.google.firebase:firebase-common:19.3.0] AndroidManifest.xml:28:13-72
123            android:exported="false"
123-->[com.google.firebase:firebase-common:19.3.0] AndroidManifest.xml:29:13-37
124            android:initOrder="100" />
124-->[com.google.firebase:firebase-common:19.3.0] AndroidManifest.xml:30:13-36
125    </application>
126
127</manifest>